--
To: test@example.com
From: no-reply@gamelootmalawi.com
Subject: Test email from GameLootMalawi
Date: 2025-12-14T21:02:36.139Z

<p>This is a test email from local test-mailer script.</p>
--
To: chikondiechambamber@gmail.com
From: no-reply@gamelootmalawi.com
Subject: GameLootMalawi Order Confirmation - GLM1772304133656
Date: 2026-02-28T18:42:13.718Z
Attachments: invoice-GLM1772304133656.pdf


        <h2>Order Confirmation</h2>
        <p>Hi Chikondie Chambamber, your order has been placed successfully.</p>
        <p><strong>Order #:</strong> GLM1772304133656</p>
        <p><strong>Total:</strong> MWK 2,230,000</p>
        <p><strong>Payment Method:</strong> cash_on_delivery</p>
        <p><strong>Shipping Address:</strong> 0000, Lilongwe (0000)</p>
        
        <h4>Order Items</h4>
        <ul><li>1. INTEL CORE I9 14TH GEN PROCESSOR - Qty 1 x MWK 2,230,000 = MWK 2,230,000</li></ul>
      
--
To: chikondiechambamber@gmail.com
From: no-reply@gamelootmalawi.com
Subject: GameLootMalawi Order Confirmation - GLM1772304569179
Date: 2026-02-28T18:49:29.200Z
Attachments: invoice-GLM1772304569179.pdf


        <h2>Order Confirmation</h2>
        <p>Hi Chikondie Chambamber, your order has been placed successfully.</p>
        <p><strong>Order #:</strong> GLM1772304569179</p>
        <p><strong>Total:</strong> MWK 2,700,000</p>
        <p><strong>Payment Method:</strong> cash_on_delivery</p>
        <p><strong>Shipping Address:</strong> 0000, Lilongwe (0000)</p>
        
        <h4>Order Items</h4>
        <ul><li>1. HP ENVYx360 Laptop - Qty 1 x MWK 2,700,000 = MWK 2,700,000</li></ul>
      
--
To: chikondiechambamber@gmail.com
From: no-reply@gamelootmalawi.com
Subject: GameLootMalawi Order Confirmation - GLM1772305279176
Date: 2026-02-28T19:01:19.216Z
Attachments: invoice-GLM1772305279176.pdf


        <h2>Order Confirmation</h2>
        <p>Hi Chikondie Chambamber, your order has been placed successfully.</p>
        <p><strong>Order #:</strong> GLM1772305279176</p>
        <p><strong>Total:</strong> MWK 1,999,999</p>
        <p><strong>Payment Method:</strong> cash_on_delivery</p>
        <p><strong>Shipping Address:</strong> 0000, Lilongwe (0000)</p>
        
        <h4>Order Items</h4>
        <ul><li>1. Viotek GN32LD 32-INCH - Qty 1 x MWK 1,999,999 = MWK 1,999,999</li></ul>
      
